<?xml version="1.0" encoding="UTF-8"?>
<!-- Generated by org.testng.reporters.JUnitXMLReporter -->
<testsuite ignored="2" hostname="Pankajs-MacBook-Air.local" failures="0" tests="1" name="Default test" time="2.638" errors="0" timestamp="2026-03-22T01:20:56 IST">
  <testcase classname="pankajrawat.test.ui.LoginEcomTest" name="validLogin" time="0.349"/>
  <testcase classname="pankajrawat.test.ui.LoginEcomTest" name="invalidUsername" time="0.0">
    <ignored/>
  </testcase> <!-- invalidUsername -->
  <testcase classname="pankajrawat.test.ui.LoginEcomTest" name="invalidPassword" time="0.0">
    <ignored/>
  </testcase> <!-- invalidPassword -->
</testsuite> <!-- Default test -->
