<?xml version="1.0" encoding="UTF-8"?>
<!-- Generated by org.testng.reporters.JUnitXMLReporter -->
<testsuite ignored="1" hostname="Pankajs-MacBook-Air.local" failures="0" tests="2" name="LoginTestValidations" time="11.984" errors="0" timestamp="2026-03-22T20:53:45 IST">
  <testcase classname="pankajrawat.test.ui.LoginEcomTest" name="invalidPassword" time="0.804"/>
  <testcase classname="pankajrawat.test.ui.LoginEcomTest" name="invalidUsername" time="0.116"/>
  <testcase classname="pankajrawat.test.ui.LoginEcomTest" name="validLogin" time="0.0">
    <ignored/>
  </testcase> <!-- validLogin -->
</testsuite> <!-- LoginTestValidations -->
