<?xml version="1.0" encoding="UTF-8"?>
<!-- Generated by org.testng.reporters.JUnitXMLReporter -->
<testsuite ignored="0" hostname="Pankajs-MacBook-Air.local" failures="0" tests="2" name="PlaceOrderTestValidations" time="20.932" errors="0" timestamp="2026-03-22T23:28:31 IST">
  <testcase classname="pankajrawat.test.ui.PlaceOrderEcomTest" name="submitOrder" time="0.0">
    <skipped/>
  </testcase> <!-- submitOrder -->
  <testcase classname="pankajrawat.test.ui.PlaceOrderEcomTest" name="submitOrder" time="0.0">
    <skipped/>
  </testcase> <!-- submitOrder -->
</testsuite> <!-- PlaceOrderTestValidations -->
