<?xml version="1.0" encoding="UTF-8"?>
<!-- Generated by org.testng.reporters.JUnitXMLReporter -->
<testsuite ignored="0" hostname="Pankajs-MacBook-Air.local" failures="1" tests="1" name="healthCheck" time="2.512" errors="0" timestamp="2026-03-30T21:35:32 IST">
  <testcase classname="pankajrawat.test.api.HealtCheckTest" name="healthCheck" time="2.501">
    <failure type="java.lang.AssertionError" message="1 expectation failed.
Expected status code &amp;lt;20&amp;gt; but was &amp;lt;201&amp;gt;.
">
      <![CDATA[java.lang.AssertionError: 1 expectation failed.
Expected status code <20> but was <201>.

at org.codehaus.groovy.vmplugin.v8.IndyInterface.fromCache(IndyInterface.java:344)
at io.restassured.internal.ResponseSpecificationImpl$HamcrestAssertionClosure.validate(ResponseSpecificationImpl.groovy:516)
at org.codehaus.groovy.vmplugin.v8.IndyInterface.fromCache(IndyInterface.java:344)
at io.restassured.internal.ResponseSpecificationImpl.validateResponseIfRequired(ResponseSpecificationImpl.groovy:714)
at org.codehaus.groovy.vmplugin.v8.IndyInterface.fromCache(IndyInterface.java:344)
at io.restassured.internal.ResponseSpecificationImpl.statusCode(ResponseSpecificationImpl.groovy:139)
at org.codehaus.groovy.vmplugin.v8.IndyInterface.fromCache(IndyInterface.java:344)
at io.restassured.internal.ResponseSpecificationImpl.statusCode(ResponseSpecificationImpl.groovy:147)
at io.restassured.internal.ValidatableResponseOptionsImpl.statusCode(ValidatableResponseOptionsImpl.java:89)
at pankajrawat.test.api.HealtCheckTest.healthCheck(HealtCheckTest.java:16)
at java.base/java.util.ArrayList.forEach(ArrayList.java:1596)
... Removed 25 stack frames]]>
    </failure>
  </testcase> <!-- healthCheck -->
</testsuite> <!-- healthCheck -->
