<?xml version="1.0" encoding="UTF-8"?>
<testng-results ignored="2" total="4" passed="2" failed="0" skipped="0">
  <reporter-output>
  </reporter-output>
  <suite started-at="2026-03-22T20:53:33 IST" name="Suite" finished-at="2026-03-22T20:53:45 IST" duration-ms="12064">
    <groups>
      <group name="loginErrorTest">
        <method signature="LoginEcomTest.invalidPassword()[pri:0, instance:pankajrawat.test.ui.LoginEcomTest@6f36c2f0]" name="invalidPassword" class="pankajrawat.test.ui.LoginEcomTest"/>
        <method signature="LoginEcomTest.invalidUsername()[pri:0, instance:pankajrawat.test.ui.LoginEcomTest@6f36c2f0]" name="invalidUsername" class="pankajrawat.test.ui.LoginEcomTest"/>
      </group> <!-- loginErrorTest -->
    </groups>
    <test started-at="2026-03-22T20:53:33 IST" name="LoginTestValidations" finished-at="2026-03-22T20:53:45 IST" duration-ms="11984">
      <class name="pankajrawat.test.ui.LoginEcomTest">
        <test-method is-config="true" signature="launchApp()[pri:0, instance:pankajrawat.test.ui.LoginEcomTest@6f36c2f0]" started-at="2026-03-22T20:53:33 IST" name="launchApp" finished-at="2026-03-22T20:53:37 IST" duration-ms="4374" status="PASS">
          <reporter-output>
          </reporter-output>
        </test-method> <!-- launchApp -->
        <test-method signature="invalidPassword()[pri:0, instance:pankajrawat.test.ui.LoginEcomTest@6f36c2f0]" started-at="2026-03-22T20:53:37 IST" name="invalidPassword" finished-at="2026-03-22T20:53:38 IST" duration-ms="804" status="PASS">
          <reporter-output>
          </reporter-output>
        </test-method> <!-- invalidPassword -->
        <test-method is-config="true" signature="teardown()[pri:0, instance:pankajrawat.test.ui.LoginEcomTest@6f36c2f0]" started-at="2026-03-22T20:53:38 IST" name="teardown" finished-at="2026-03-22T20:53:38 IST" duration-ms="86" status="PASS">
          <reporter-output>
          </reporter-output>
        </test-method> <!-- teardown -->
        <test-method is-config="true" signature="launchApp()[pri:0, instance:pankajrawat.test.ui.LoginEcomTest@6f36c2f0]" started-at="2026-03-22T20:53:38 IST" name="launchApp" finished-at="2026-03-22T20:53:45 IST" duration-ms="6518" status="PASS">
          <reporter-output>
          </reporter-output>
        </test-method> <!-- launchApp -->
        <test-method signature="invalidUsername()[pri:0, instance:pankajrawat.test.ui.LoginEcomTest@6f36c2f0]" started-at="2026-03-22T20:53:45 IST" name="invalidUsername" finished-at="2026-03-22T20:53:45 IST" duration-ms="116" status="PASS">
          <reporter-output>
          </reporter-output>
        </test-method> <!-- invalidUsername -->
        <test-method is-config="true" signature="teardown()[pri:0, instance:pankajrawat.test.ui.LoginEcomTest@6f36c2f0]" started-at="2026-03-22T20:53:45 IST" name="teardown" finished-at="2026-03-22T20:53:45 IST" duration-ms="74" status="PASS">
          <reporter-output>
          </reporter-output>
        </test-method> <!-- teardown -->
      </class> <!-- pankajrawat.test.ui.LoginEcomTest -->
    </test> <!-- LoginTestValidations -->
    <test started-at="2026-03-22T20:53:45 IST" name="PlaceOrderTestValidations" finished-at="2026-03-22T20:53:45 IST" duration-ms="0">
    </test> <!-- PlaceOrderTestValidations -->
  </suite> <!-- Suite -->
</testng-results>
