<?xml version="1.0" encoding="UTF-8"?>
<testng-results ignored="0" total="1" passed="1" failed="0" skipped="0">
  <reporter-output>
  </reporter-output>
  <suite started-at="2026-04-25T03:32:11 IST" name="Default suite" finished-at="2026-04-25T03:32:12 IST" duration-ms="950">
    <groups>
    </groups>
    <test started-at="2026-04-25T03:32:11 IST" name="Default test" finished-at="2026-04-25T03:32:12 IST" duration-ms="950">
      <class name="pankajrawat.test.ui.DumyPostReqTest">
        <test-method signature="dummyTest()[pri:0, instance:pankajrawat.test.ui.DumyPostReqTest@397fbdb]" started-at="2026-04-25T03:32:11 IST" name="dummyTest" finished-at="2026-04-25T03:32:12 IST" duration-ms="940" status="PASS">
          <reporter-output>
          </reporter-output>
        </test-method> <!-- dummyTest -->
      </class> <!-- pankajrawat.test.ui.DumyPostReqTest -->
    </test> <!-- Default test -->
  </suite> <!-- Default suite -->
</testng-results>
