<?xml version="1.0" encoding="UTF-8"?>
<!-- Generated by org.testng.reporters.JUnitReportReporter -->
<testsuite hostname="Pankajs-MacBook-Air.local" failures="0" tests="2" name="pankajrawat.test.ui.PlaceOrderEcomTest" time="25.069" errors="0" timestamp="2026-03-28T19:59:11 IST" skipped="0">
  <testcase classname="pankajrawat.test.ui.PlaceOrderEcomTest" name="submitOrder" time="12.687"/>
  <testcase classname="pankajrawat.test.ui.PlaceOrderEcomTest" name="submitOrder" time="12.382"/>
</testsuite> <!-- pankajrawat.test.ui.PlaceOrderEcomTest -->
