<?xml version="1.0" encoding="UTF-8"?>
<!-- Generated by org.testng.reporters.JUnitReportReporter -->
<testsuite hostname="Pankajs-MacBook-Air.local" failures="0" tests="2" name="pankajrawat.test.ui.LoginEcomTest" time="11.972" errors="0" timestamp="2026-03-22T20:53:45 IST" skipped="0">
  <testcase classname="pankajrawat.test.ui.LoginEcomTest" name="invalidPassword" time="5.252"/>
  <testcase classname="pankajrawat.test.ui.LoginEcomTest" name="invalidUsername" time="6.720"/>
</testsuite> <!-- pankajrawat.test.ui.LoginEcomTest -->
