<?xml version="1.0" encoding="UTF-8"?>
<!-- Generated by org.testng.reporters.JUnitReportReporter -->
<testsuite hostname="Pankajs-MacBook-Air.local" failures="0" tests="2" name="pankajrawat.test.ui.LoginEcomTest" time="5.095" errors="0" timestamp="2026-03-30T21:38:49 IST" skipped="0">
  <testcase classname="pankajrawat.test.ui.LoginEcomTest" name="invalidUsername" time="2.971"/>
  <testcase classname="pankajrawat.test.ui.LoginEcomTest" name="invalidPassword" time="2.124"/>
</testsuite> <!-- pankajrawat.test.ui.LoginEcomTest -->
